  StdAfx.cpp
  AttributeData.cpp
  AttributeInstance.cpp
  Camera.cpp
  CollisionData.cpp
  ColorTransitionHelper.cpp
  Decal.cpp
  EnvironmentMap.cpp
  FileLoaderThread.cpp
  GrpCollisionObject.cpp
  GrpColor.cpp
  GrpColorInstance.cpp
  GrpD3DXBuffer.cpp
  GrpDIB.cpp
  GrpIndexBuffer.cpp
  GrpLightManager.cpp
  GrpObjectInstance.cpp
  GrpPixelShader.cpp
  GrpRatioInstance.cpp
  GrpShadowTexture.cpp
  GrpVertexBuffer.cpp
  Kod Üretiliyor...
  Derleniyor...
  GrpVertexBufferDynamic.cpp
  GrpVertexBufferStatic.cpp
  GrpVertexShader.cpp
  Input.cpp
  LensFlare.cpp
  lineintersect_utils.cpp
  MSApplication.cpp
  MSWindow.cpp
  Mutex.cpp
  parser.cpp
  PathStack.cpp
  ReferenceObject.cpp
  ScreenFilter.cpp
  SkyBox.cpp
  TargaResource.cpp
  Thread.cpp
  Util.cpp
  CullingManager.cpp
  GrpBase.cpp
  GrpDetector.cpp
  Kod Üretiliyor...
  Derleniyor...
  GrpDevice.cpp
  GrpMath.cpp
  GrpScreen.cpp
  JpegFile.cpp
  StateManager.cpp
  Resource.cpp
  ResourceManager.cpp
  GrpExpandedImageInstance.cpp
  GrpImage.cpp
  GrpImageInstance.cpp
  GrpImageTexture.cpp
  GrpMarkInstance.cpp
  GrpSubImage.cpp
  GrpTexture.cpp
  NetAddress.cpp
  NetDatagram.cpp
  NetDatagramReceiver.cpp
  NetDatagramSender.cpp
  NetDevice.cpp
  NetPacketHeaderMap.cpp
  Kod Üretiliyor...
  Derleniyor...
  NetStream.cpp
  GrpFontTexture.cpp
  GrpText.cpp
  GrpTextInstance.cpp
  TextTag.cpp
  BlockTexture.cpp
  DibBar.cpp
  TextBar.cpp
  IME.cpp
  TextFileLoader.cpp
  Kod Üretiliyor...
  eterlib.vcxproj -> C:\Users\ensar\OneDrive\Masaüstü\TurkmmoSFÇalışma1\TurkmmoSF\TurkmmoSF\TurkmmoSF-source\client\Client\EterLib\Release\eterlib.lib
