  StdAfx.cpp
  AffectFlagContainer.cpp
  InstanceBase.cpp
  InstanceBaseBattle.cpp
  InstanceBaseEffect.cpp
  InstanceBaseEvent.cpp
  InstanceBaseMotion.cpp
  InstanceBaseMovement.cpp
  InstanceBaseTransform.cpp
  CameraProcedure.cpp
  PythonAcce.cpp
  PythonBackground.cpp
  PythonBackgroundModule.cpp
  PythonCharacterManager.cpp
  PythonCharacterManagerModule.cpp
  PythonCharacterModule.cpp
  PythonEffectModule.cpp
  PythonEventManager.cpp
  PythonEventManagerMoudle.cpp
  PythonGameEventManagerModule.cpp
  PythonItem.cpp
  Kod Üretiliyor...
  Derleniyor...
  PythonItemModule.cpp
  PythonNonPlayer.cpp
  PythonNonPlayerModule.cpp
  PythonPlayer.cpp
  PythonPlayerEventHandler.cpp
  PythonPlayerInput.cpp
  PythonPlayerInputKeyboard.cpp
  PythonPlayerInputMouse.cpp
  PythonPlayerModule.cpp
  PythonPlayerSkill.cpp
  PythonQuest.cpp
  PythonSkill.cpp
  PythonChat.cpp
  PythonChatModule.cpp
  PythonExchange.cpp
  PythonExchangeModule.cpp
  PythonFlyModule.cpp
  PythonGuild.cpp
  PythonMessenger.cpp
  PythonMiniMap.cpp
  Kod Üretiliyor...
  Derleniyor...
  PythonMiniMapModule.cpp
  PythonSafeBox.cpp
  PythonShop.cpp
  PythonTextTail.cpp
  PythonTextTailModule.cpp
  PythonPackModule.cpp
  ProcessScanner.cpp
  PythonApplication.cpp
  PythonApplicationCamera.cpp
  PythonApplicationCursor.cpp
  PythonApplicationEvent.cpp
  PythonApplicationLogo.cpp
  PythonApplicationModule.cpp
  PythonApplicationProcedure.cpp
  PythonApplicationWebPage.cpp
  PythonIME.cpp
  PythonIMEModule.cpp
  PythonProfilerModule.cpp
  PythonSoundManagerModule.cpp
  PythonSystem.cpp
  Kod Üretiliyor...
  Derleniyor...
  PythonSystemModule.cpp
  GuildMarkDownloader.cpp
  GuildMarkUploader.cpp
  MarkImage.cpp
  MarkManager.cpp
C:\Users\ensar\OneDrive\Masaüstü\TurkmmoSFÇalışma1\TurkmmoSF\TurkmmoSF\TurkmmoSF-source\client\Client\UserInterface\MarkManager.cpp(101,78): warning C4834: [[nodiscard]] özniteliğine sahip işlevin dönüş değerinin atılması
  Locale.cpp
  AccountConnector.cpp
  InsultChecker.cpp
  NetworkActorManager.cpp
  ProcessCRC.cpp
  PythonExceptionSender.cpp
  PythonNetworkDatagram.cpp
  PythonNetworkDatagramModule.cpp
  PythonNetworkStream.cpp
  PythonNetworkStreamCommand.cpp
  PythonNetworkStreamEvent.cpp
  PythonNetworkStreamModule.cpp
  PythonNetworkStreamPhaseGame.cpp
  PythonNetworkStreamPhaseGameActor.cpp
  PythonNetworkStreamPhaseGameItem.cpp
  Kod Üretiliyor...
  Derleniyor...
  PythonNetworkStreamPhaseHandShake.cpp
  PythonNetworkStreamPhaseLoading.cpp
  PythonNetworkStreamPhaseLogin.cpp
  PythonNetworkStreamPhaseOffline.cpp
  PythonNetworkStreamPhaseSelect.cpp
  ServerStateChecker.cpp
  ServerStateCheckerModule.cpp
  CheckLatestFiles.cpp
  Hackshield.cpp
  NProtectGameGuard.cpp
  WiseLogicXTrap.cpp
  GameType.cpp
  MovieMan.cpp
  UserInterface.cpp
  Kod Üretiliyor...
  Kod üretiliyor
  Kodun üretilmesi tamamlandı
  UserInterface.vcxproj -> C:\Users\ensar\OneDrive\Masaüstü\TurkmmoSFÇalışma1\TurkmmoSF\TurkmmoSF\TurkmmoSF-source\client\Client\bin\TurkmmoSF_Release.exe
