210320 03:40:57 mysqld_safe mysqld from pid file /var/db/mysql/tunga.pid ended
210320 03:41:37 mysqld_safe Logging to '/var/db/mysql/tunga.err'.
210320 03:41:37 mysqld_safe Starting mysqld daemon with databases from /var/db/mysql
210320  3:41:37 [Note] --secure-file-priv is set to NULL. Operations related to importing and exporting data are disabled
210320  3:41:37 [Note] /usr/local/libexec/mysqld (mysqld 5.5.62) starting as process 635 ...
210320  3:41:37 InnoDB: The InnoDB memory heap is disabled
210320  3:41:37 InnoDB: Mutexes and rw_locks use GCC atomic builtins
210320  3:41:37 InnoDB: Compressed tables use zlib 1.2.11
210320  3:41:37 InnoDB: Initializing buffer pool, size = 128.0M
210320  3:41:37 InnoDB: Completed initialization of buffer pool
210320  3:41:37 InnoDB: highest supported file format is Barracuda.
210320  3:41:37  InnoDB: Waiting for the background threads to start
210320  3:41:38 InnoDB: 5.5.62 started; log sequence number 1595675
210320  3:41:38 [Note] Server hostname (bind-address): '0.0.0.0'; port: 3306
210320  3:41:38 [Note]   - '0.0.0.0' resolves to '0.0.0.0';
210320  3:41:38 [Note] Server socket created on IP: '0.0.0.0'.
210320  3:41:38 [Note] Event Scheduler: Loaded 0 events
210320  3:41:38 [Note] /usr/local/libexec/mysqld: ready for connections.
Version: '5.5.62'  socket: '/tmp/mysql.sock'  port: 3306  Source distribution
210320  5:49:42 [Warning] IP address '192.168.1.37' could not be resolved: hostname nor servname provided, or not known
210320  6:18:06 [Note] /usr/local/libexec/mysqld: Normal shutdown

210320  6:18:06 [Note] Event Scheduler: Purging the queue. 0 events
210320  6:18:08 [Warning] /usr/local/libexec/mysqld: Forcing close of thread 145  user: 'mt2'

210320  6:18:08 [Warning] /usr/local/libexec/mysqld: Forcing close of thread 144  user: 'mt2'

210320  6:18:08 [Warning] /usr/local/libexec/mysqld: Forcing close of thread 143  user: 'mt2'

210320  6:18:08 [Warning] /usr/local/libexec/mysqld: Forcing close of thread 142  user: 'mt2'

210320  6:18:08 [Warning] /usr/local/libexec/mysqld: Forcing close of thread 141  user: 'mt2'

210320  6:18:08 [Warning] /usr/local/libexec/mysqld: Forcing close of thread 140  user: 'mt2'

210320  6:18:08 [Warning] /usr/local/libexec/mysqld: Forcing close of thread 139  user: 'mt2'

210320  6:18:08 [Warning] /usr/local/libexec/mysqld: Forcing close of thread 138  user: 'mt2'

210320  6:18:08 [Warning] /usr/local/libexec/mysqld: Forcing close of thread 137  user: 'mt2'

210320  6:18:08 [Warning] /usr/local/libexec/mysqld: Forcing close of thread 136  user: 'mt2'

210320  6:18:08 [Warning] /usr/local/libexec/mysqld: Forcing close of thread 135  user: 'mt2'

210320  6:18:08 [Warning] /usr/local/libexec/mysqld: Forcing close of thread 134  user: 'mt2'

210320  6:18:08 [Warning] /usr/local/libexec/mysqld: Forcing close of thread 133  user: 'mt2'

210320  6:18:08 [Warning] /usr/local/libexec/mysqld: Forcing close of thread 132  user: 'mt2'

210320  6:18:08 [Warning] /usr/local/libexec/mysqld: Forcing close of thread 131  user: 'mt2'

210320  6:18:08 [Warning] /usr/local/libexec/mysqld: Forcing close of thread 130  user: 'mt2'

210320  6:18:08 [Warning] /usr/local/libexec/mysqld: Forcing close of thread 129  user: 'mt2'

210320  6:18:08 [Warning] /usr/local/libexec/mysqld: Forcing close of thread 128  user: 'mt2'

210320  6:18:08 [Warning] /usr/local/libexec/mysqld: Forcing close of thread 127  user: 'mt2'

210320  6:18:08 [Warning] /usr/local/libexec/mysqld: Forcing close of thread 126  user: 'mt2'

210320  6:18:08 [Warning] /usr/local/libexec/mysqld: Forcing close of thread 125  user: 'mt2'

210320  6:18:08 [Warning] /usr/local/libexec/mysqld: Forcing close of thread 124  user: 'mt2'

210320  6:18:08 [Warning] /usr/local/libexec/mysqld: Forcing close of thread 123  user: 'mt2'

210320  6:18:08 [Warning] /usr/local/libexec/mysqld: Forcing close of thread 122  user: 'mt2'

210320  6:18:08 [Warning] /usr/local/libexec/mysqld: Forcing close of thread 121  user: 'mt2'

210320  6:18:08 [Warning] /usr/local/libexec/mysqld: Forcing close of thread 120  user: 'mt2'

210320  6:18:08 [Warning] /usr/local/libexec/mysqld: Forcing close of thread 119  user: 'mt2'

210320  6:18:08 [Warning] /usr/local/libexec/mysqld: Forcing close of thread 118  user: 'mt2'

210320  6:18:08 [Warning] /usr/local/libexec/mysqld: Forcing close of thread 117  user: 'mt2'

210320  6:18:08 [Warning] /usr/local/libexec/mysqld: Forcing close of thread 116  user: 'mt2'

210320  6:18:08 [Warning] /usr/local/libexec/mysqld: Forcing close of thread 115  user: 'mt2'

210320  6:18:08 [Warning] /usr/local/libexec/mysqld: Forcing close of thread 114  user: 'mt2'

210320  6:18:08 [Warning] /usr/local/libexec/mysqld: Forcing close of thread 113  user: 'mt2'

210320  6:18:08 [Warning] /usr/local/libexec/mysqld: Forcing close of thread 112  user: 'mt2'

210320  6:18:08 [Warning] /usr/local/libexec/mysqld: Forcing close of thread 111  user: 'mt2'

210320  6:18:08 [Warning] /usr/local/libexec/mysqld: Forcing close of thread 109  user: 'mt2'

210320  6:18:08  InnoDB: Starting shutdown...
210320  6:18:08  InnoDB: Shutdown completed; log sequence number 1595685
210320  6:18:08 [Note] /usr/local/libexec/mysqld: Shutdown complete

210320 06:18:08 mysqld_safe mysqld from pid file /var/db/mysql/tunga.pid ended
210322 04:56:29 mysqld_safe Logging to '/var/db/mysql/tunga.err'.
210322 04:56:29 mysqld_safe Starting mysqld daemon with databases from /var/db/mysql
210322  4:56:29 [Note] --secure-file-priv is set to NULL. Operations related to importing and exporting data are disabled
210322  4:56:29 [Note] /usr/local/libexec/mysqld (mysqld 5.5.62) starting as process 651 ...
210322  4:56:29 InnoDB: The InnoDB memory heap is disabled
210322  4:56:29 InnoDB: Mutexes and rw_locks use GCC atomic builtins
210322  4:56:29 InnoDB: Compressed tables use zlib 1.2.11
210322  4:56:30 InnoDB: Initializing buffer pool, size = 128.0M
210322  4:56:30 InnoDB: Completed initialization of buffer pool
210322  4:56:30 InnoDB: highest supported file format is Barracuda.
210322  4:56:30  InnoDB: Waiting for the background threads to start
210322  4:56:31 InnoDB: 5.5.62 started; log sequence number 1595685
210322  4:56:31 [Note] Server hostname (bind-address): '0.0.0.0'; port: 3306
210322  4:56:31 [Note]   - '0.0.0.0' resolves to '0.0.0.0';
210322  4:56:31 [Note] Server socket created on IP: '0.0.0.0'.
210322  4:56:31 [Note] Event Scheduler: Loaded 0 events
210322  4:56:31 [Note] /usr/local/libexec/mysqld: ready for connections.
Version: '5.5.62'  socket: '/tmp/mysql.sock'  port: 3306  Source distribution
