  affect.cpp
  ani.cpp
D:\Workshop\Metin2\TurkmmoSF\source\server\Server\game\src\ani.cpp(104,13): warning C4996: 'stricmp': The POSIX name for this item is deprecated. Instead, use the ISO C and C++ conformant name: _stricmp. See online help for details.
  arena.cpp
D:\Workshop\Metin2\TurkmmoSF\source\server\Server\game\src\packet.h(2315,37): warning C4244: '=': conversion from 'DWORD' to 'WORD', possible loss of data
D:\Workshop\Metin2\TurkmmoSF\source\server\Server\common\stl.h(27,33): warning C4242: '=': conversion from 'int' to 'char', possible loss of data
  auction_manager.cpp
  auth_brazil.cpp
D:\Workshop\Metin2\TurkmmoSF\source\server\Server\game\src\auth_brazil.cpp(73,12): warning C4996: 'stricmp': The POSIX name for this item is deprecated. Instead, use the ISO C and C++ conformant name: _stricmp. See online help for details.
D:\Workshop\Metin2\TurkmmoSF\source\server\Server\game\src\auth_brazil.cpp(75,17): warning C4996: 'stricmp': The POSIX name for this item is deprecated. Instead, use the ISO C and C++ conformant name: _stricmp. See online help for details.
D:\Workshop\Metin2\TurkmmoSF\source\server\Server\game\src\auth_brazil.cpp(77,17): warning C4996: 'stricmp': The POSIX name for this item is deprecated. Instead, use the ISO C and C++ conformant name: _stricmp. See online help for details.
D:\Workshop\Metin2\TurkmmoSF\source\server\Server\game\src\auth_brazil.cpp(79,17): warning C4996: 'stricmp': The POSIX name for this item is deprecated. Instead, use the ISO C and C++ conformant name: _stricmp. See online help for details.
D:\Workshop\Metin2\TurkmmoSF\source\server\Server\game\src\auth_brazil.cpp(115,4): warning C4996: 'close': The POSIX name for this item is deprecated. Instead, use the ISO C and C++ conformant name: _close. See online help for details.
D:\Workshop\Metin2\TurkmmoSF\source\server\Server\game\src\auth_brazil.cpp(123,13): warning C4996: 'read': The POSIX name for this item is deprecated. Instead, use the ISO C and C++ conformant name: _read. See online help for details.
D:\Workshop\Metin2\TurkmmoSF\source\server\Server\game\src\auth_brazil.cpp(124,3): warning C4996: 'close': The POSIX name for this item is deprecated. Instead, use the ISO C and C++ conformant name: _close. See online help for details.
D:\Workshop\Metin2\TurkmmoSF\source\server\Server\game\src\auth_brazil.cpp(157,9): warning C4996: 'fileno': The POSIX name for this item is deprecated. Instead, use the ISO C and C++ conformant name: _fileno. See online help for details.
  banword.cpp
  battle.cpp
D:\Workshop\Metin2\TurkmmoSF\source\server\Server\game\src\packet.h(2315,37): warning C4244: '=': conversion from 'DWORD' to 'WORD', possible loss of data
D:\Workshop\Metin2\TurkmmoSF\source\server\Server\common\stl.h(27,33): warning C4242: '=': conversion from 'int' to 'char', possible loss of data
D:\Workshop\Metin2\TurkmmoSF\source\server\Server\game\src\battle.cpp(722,17): warning C4244: 'initializing': conversion from 'int' to 'float', possible loss of data
D:\Workshop\Metin2\TurkmmoSF\source\server\Server\game\src\battle.cpp(723,27): warning C4244: '=': conversion from 'float' to 'int', possible loss of data
  BattleArena.cpp
  blend_item.cpp
D:\Workshop\Metin2\TurkmmoSF\source\server\Server\libsql\AsyncSQL.h(11,10): fatal error C1083: Cannot open include file: 'mysql/mysql.h': No such file or directory
  block_country.cpp
D:\Workshop\Metin2\TurkmmoSF\source\server\Server\game\src\block_country.cpp(109,15): warning C4996: 'inet_addr': Use inet_pton() or InetPton() instead or define _WINSOCK_DEPRECATED_NO_WARNINGS to disable deprecated API warnings
  BlueDragon.cpp
D:\Workshop\Metin2\TurkmmoSF\source\server\Server\game\src\BlueDragon_Skill.h(301,14): warning C4244: 'initializing': conversion from 'float' to 'long', possible loss of data
D:\Workshop\Metin2\TurkmmoSF\source\server\Server\game\src\BlueDragon_Skill.h(302,14): warning C4244: 'initializing': conversion from 'float' to 'long', possible loss of data
D:\Workshop\Metin2\TurkmmoSF\source\server\Server\game\src\BlueDragon_Skill.h(314,24): warning C4244: '=': conversion from 'float' to 'long', possible loss of data
D:\Workshop\Metin2\TurkmmoSF\source\server\Server\game\src\BlueDragon_Skill.h(315,24): warning C4244: '=': conversion from 'float' to 'long', possible loss of data
D:\Workshop\Metin2\TurkmmoSF\source\server\Server\game\src\BlueDragon_Skill.h(318,24): warning C4244: '=': conversion from 'float' to 'long', possible loss of data
D:\Workshop\Metin2\TurkmmoSF\source\server\Server\game\src\BlueDragon_Skill.h(319,24): warning C4244: '=': conversion from 'float' to 'long', possible loss of data
D:\Workshop\Metin2\TurkmmoSF\source\server\Server\game\src\BlueDragon_Skill.h(322,24): warning C4244: '=': conversion from 'float' to 'long', possible loss of data
D:\Workshop\Metin2\TurkmmoSF\source\server\Server\game\src\BlueDragon_Skill.h(323,24): warning C4244: '=': conversion from 'float' to 'long', possible loss of data
D:\Workshop\Metin2\TurkmmoSF\source\server\Server\game\src\BlueDragon_Skill.h(326,24): warning C4244: '=': conversion from 'float' to 'long', possible loss of data
D:\Workshop\Metin2\TurkmmoSF\source\server\Server\game\src\BlueDragon_Skill.h(327,24): warning C4244: '=': conversion from 'float' to 'long', possible loss of data
D:\Workshop\Metin2\TurkmmoSF\source\server\Server\game\src\BlueDragon_Skill.h(330,24): warning C4244: '=': conversion from 'float' to 'long', possible loss of data
D:\Workshop\Metin2\TurkmmoSF\source\server\Server\game\src\BlueDragon_Skill.h(331,24): warning C4244: '=': conversion from 'float' to 'long', possible loss of data
D:\Workshop\Metin2\TurkmmoSF\source\server\Server\game\src\packet.h(2315,37): warning C4244: '=': conversion from 'DWORD' to 'WORD', possible loss of data
  BlueDragon_Binder.cpp
  buff_on_attributes.cpp
  buffer_manager.cpp
  building.cpp
D:\Workshop\Metin2\TurkmmoSF\source\server\Server\game\src\packet.h(2315,37): warning C4244: '=': conversion from 'DWORD' to 'WORD', possible loss of data
D:\Workshop\Metin2\TurkmmoSF\source\server\Server\game\src\building.cpp(113,24): warning C4244: '=': conversion from 'DWORD' to 'WORD', possible loss of data
D:\Workshop\Metin2\TurkmmoSF\source\server\Server\game\src\building.cpp(277,12): warning C4244: 'initializing': conversion from 'double' to 'float', possible loss of data
D:\Workshop\Metin2\TurkmmoSF\source\server\Server\game\src\building.cpp(528,12): warning C4244: 'initializing': conversion from 'double' to 'float', possible loss of data
D:\Workshop\Metin2\TurkmmoSF\source\server\Server\game\src\building.cpp(1067,60): warning C4244: 'argument': conversion from 'int' to 'float', possible loss of data
D:\Workshop\Metin2\TurkmmoSF\source\server\Server\game\src\building.cpp(1091,88): warning C4244: 'argument': conversion from 'int' to 'float', possible loss of data
D:\Workshop\Metin2\TurkmmoSF\source\server\Server\game\src\building.cpp(1091,80): warning C4244: 'argument': conversion from 'int' to 'float', possible loss of data
D:\Workshop\Metin2\TurkmmoSF\source\server\Server\game\src\building.cpp(1092,88): warning C4244: 'argument': conversion from 'int' to 'float', possible loss of data
D:\Workshop\Metin2\TurkmmoSF\source\server\Server\game\src\building.cpp(1092,80): warning C4244: 'argument': conversion from 'int' to 'float', possible loss of data
D:\Workshop\Metin2\TurkmmoSF\source\server\Server\game\src\building.cpp(1093,88): warning C4244: 'argument': conversion from 'int' to 'float', possible loss of data
D:\Workshop\Metin2\TurkmmoSF\source\server\Server\game\src\building.cpp(1093,80): warning C4244: 'argument': conversion from 'int' to 'float', possible loss of data
D:\Workshop\Metin2\TurkmmoSF\source\server\Server\game\src\building.cpp(1094,89): warning C4244: 'argument': conversion from 'int' to 'float', possible loss of data
D:\Workshop\Metin2\TurkmmoSF\source\server\Server\game\src\building.cpp(1094,81): warning C4244: 'argument': conversion from 'int' to 'float', possible loss of data
D:\Workshop\Metin2\TurkmmoSF\source\server\Server\game\src\building.cpp(1100,88): warning C4244: 'argument': conversion from 'int' to 'float', possible loss of data
D:\Workshop\Metin2\TurkmmoSF\source\server\Server\game\src\building.cpp(1100,80): warning C4244: 'argument': conversion from 'int' to 'float', possible loss of data
D:\Workshop\Metin2\TurkmmoSF\source\server\Server\game\src\building.cpp(1101,88): warning C4244: 'argument': conversion from 'int' to 'float', possible loss of data
D:\Workshop\Metin2\TurkmmoSF\source\server\Server\game\src\building.cpp(1101,80): warning C4244: 'argument': conversion from 'int' to 'float', possible loss of data
D:\Workshop\Metin2\TurkmmoSF\source\server\Server\game\src\building.cpp(1102,88): warning C4244: 'argument': conversion from 'int' to 'float', possible loss of data
D:\Workshop\Metin2\TurkmmoSF\source\server\Server\game\src\building.cpp(1102,80): warning C4244: 'argument': conversion from 'int' to 'float', possible loss of data
D:\Workshop\Metin2\TurkmmoSF\source\server\Server\game\src\building.cpp(1103,89): warning C4244: 'argument': conversion from 'int' to 'float', possible loss of data
D:\Workshop\Metin2\TurkmmoSF\source\server\Server\game\src\building.cpp(1103,81): warning C4244: 'argument': conversion from 'int' to 'float', possible loss of data
D:\Workshop\Metin2\TurkmmoSF\source\server\Server\game\src\building.cpp(1109,88): warning C4244: 'argument': conversion from 'int' to 'float', possible loss of data
D:\Workshop\Metin2\TurkmmoSF\source\server\Server\game\src\building.cpp(1109,80): warning C4244: 'argument': conversion from 'int' to 'float', possible loss of data
D:\Workshop\Metin2\TurkmmoSF\source\server\Server\game\src\building.cpp(1110,88): warning C4244: 'argument': conversion from 'int' to 'float', possible loss of data
D:\Workshop\Metin2\TurkmmoSF\source\server\Server\game\src\building.cpp(1110,80): warning C4244: 'argument': conversion from 'int' to 'float', possible loss of data
D:\Workshop\Metin2\TurkmmoSF\source\server\Server\game\src\building.cpp(1111,88): warning C4244: 'argument': conversion from 'int' to 'float', possible loss of data
D:\Workshop\Metin2\TurkmmoSF\source\server\Server\game\src\building.cpp(1111,80): warning C4244: 'argument': conversion from 'int' to 'float', possible loss of data
D:\Workshop\Metin2\TurkmmoSF\source\server\Server\game\src\building.cpp(1112,89): warning C4244: 'argument': conversion from 'int' to 'float', possible loss of data
D:\Workshop\Metin2\TurkmmoSF\source\server\Server\game\src\building.cpp(1112,81): warning C4244: 'argument': conversion from 'int' to 'float', possible loss of data
D:\Workshop\Metin2\TurkmmoSF\source\server\Server\game\src\building.cpp(1118,88): warning C4244: 'argument': conversion from 'int' to 'float', possible loss of data
D:\Workshop\Metin2\TurkmmoSF\source\server\Server\game\src\building.cpp(1118,80): warning C4244: 'argument': conversion from 'int' to 'float', possible loss of data
D:\Workshop\Metin2\TurkmmoSF\source\server\Server\game\src\building.cpp(1119,88): warning C4244: 'argument': conversion from 'int' to 'float', possible loss of data
D:\Workshop\Metin2\TurkmmoSF\source\server\Server\game\src\building.cpp(1119,80): warning C4244: 'argument': conversion from 'int' to 'float', possible loss of data
D:\Workshop\Metin2\TurkmmoSF\source\server\Server\game\src\building.cpp(1120,88): warning C4244: 'argument': conversion from 'int' to 'float', possible loss of data
D:\Workshop\Metin2\TurkmmoSF\source\server\Server\game\src\building.cpp(1120,80): warning C4244: 'argument': conversion from 'int' to 'float', possible loss of data
D:\Workshop\Metin2\TurkmmoSF\source\server\Server\game\src\building.cpp(1121,89): warning C4244: 'argument': conversion from 'int' to 'float', possible loss of data
D:\Workshop\Metin2\TurkmmoSF\source\server\Server\game\src\building.cpp(1121,81): warning C4244: 'argument': conversion from 'int' to 'float', possible loss of data
D:\Workshop\Metin2\TurkmmoSF\source\server\Server\game\src\building.cpp(1210,70): warning C4244: 'argument': conversion from 'int' to 'float', possible loss of data
D:\Workshop\Metin2\TurkmmoSF\source\server\Server\game\src\building.cpp(1216,62): warning C4244: 'argument': conversion from 'int' to 'float', possible loss of data
D:\Workshop\Metin2\TurkmmoSF\source\server\Server\game\src\building.cpp(1220,69): warning C4244: 'argument': conversion from 'int' to 'float', possible loss of data
D:\Workshop\Metin2\TurkmmoSF\source\server\Server\game\src\building.cpp(1224,62): warning C4244: 'argument': conversion from 'int' to 'float', possible loss of data
D:\Workshop\Metin2\TurkmmoSF\source\server\Server\game\src\building.cpp(1228,70): warning C4244: 'argument': conversion from 'int' to 'float', possible loss of data
  castle.cpp
D:\Workshop\Metin2\TurkmmoSF\source\server\Server\libsql\AsyncSQL.h(11,10): fatal error C1083: Cannot open include file: 'mysql/mysql.h': No such file or directory
  char.cpp
D:\Workshop\Metin2\TurkmmoSF\source\server\Server\game\src\packet.h(2315,37): warning C4244: '=': conversion from 'DWORD' to 'WORD', possible loss of data
D:\Workshop\Metin2\TurkmmoSF\source\server\Server\libsql\AsyncSQL.h(11,10): fatal error C1083: Cannot open include file: 'mysql/mysql.h': No such file or directory
  char_affect.cpp
D:\Workshop\Metin2\TurkmmoSF\source\server\Server\game\src\packet.h(2315,37): warning C4244: '=': conversion from 'DWORD' to 'WORD', possible loss of data
D:\Workshop\Metin2\TurkmmoSF\source\server\Server\game\src\char_affect.cpp(183,42): warning C4242: 'initializing': conversion from 'int' to 'WORD', possible loss of data
  char_battle.cpp
D:\Workshop\Metin2\TurkmmoSF\source\server\Server\game\src\packet.h(2315,37): warning C4244: '=': conversion from 'DWORD' to 'WORD', possible loss of data
D:\Workshop\Metin2\TurkmmoSF\source\server\Server\common\stl.h(27,33): warning C4242: '=': conversion from 'int' to 'char', possible loss of data
D:\Workshop\Metin2\TurkmmoSF\source\server\Server\libsql\AsyncSQL.h(11,10): fatal error C1083: Cannot open include file: 'mysql/mysql.h': No such file or directory
  char_change_empire.cpp
D:\Workshop\Metin2\TurkmmoSF\source\server\Server\libsql\AsyncSQL.h(11,10): fatal error C1083: Cannot open include file: 'mysql/mysql.h': No such file or directory
  Generating Code...
  Compiling...
  char_dragonsoul.cpp
D:\Workshop\Metin2\TurkmmoSF\source\server\Server\game\src\packet.h(2315,37): warning C4244: '=': conversion from 'DWORD' to 'WORD', possible loss of data
D:\Workshop\Metin2\TurkmmoSF\source\server\Server\libsql\AsyncSQL.h(11,10): fatal error C1083: Cannot open include file: 'mysql/mysql.h': No such file or directory
  char_hackshield.cpp
D:\Workshop\Metin2\TurkmmoSF\source\server\Server\libsql\AsyncSQL.h(11,10): fatal error C1083: Cannot open include file: 'mysql/mysql.h': No such file or directory
  char_horse.cpp
D:\Workshop\Metin2\TurkmmoSF\source\server\Server\game\src\packet.h(2315,37): warning C4244: '=': conversion from 'DWORD' to 'WORD', possible loss of data
  char_item.cpp
D:\Workshop\Metin2\TurkmmoSF\source\server\Server\game\src\packet.h(2315,37): warning C4244: '=': conversion from 'DWORD' to 'WORD', possible loss of data
D:\Workshop\Metin2\TurkmmoSF\source\server\Server\libsql\AsyncSQL.h(11,10): fatal error C1083: Cannot open include file: 'mysql/mysql.h': No such file or directory
  char_manager.cpp
D:\Workshop\Metin2\TurkmmoSF\source\server\Server\game\src\packet.h(2315,37): warning C4244: '=': conversion from 'DWORD' to 'WORD', possible loss of data
D:\Workshop\Metin2\TurkmmoSF\source\server\Server\common\stl.h(27,33): warning C4242: '=': conversion from 'int' to 'char', possible loss of data
D:\Workshop\Metin2\TurkmmoSF\source\server\Server\libsql\AsyncSQL.h(11,10): fatal error C1083: Cannot open include file: 'mysql/mysql.h': No such file or directory
  char_quickslot.cpp
D:\Workshop\Metin2\TurkmmoSF\source\server\Server\game\src\packet.h(2315,37): warning C4244: '=': conversion from 'DWORD' to 'WORD', possible loss of data
D:\Workshop\Metin2\TurkmmoSF\source\server\Server\game\src\char_quickslot.cpp(22,19): warning C4242: 'argument': conversion from 'int' to 'BYTE', possible loss of data
D:\Workshop\Metin2\TurkmmoSF\source\server\Server\game\src\char_quickslot.cpp(147,29): warning C4244: '=': conversion from 'WORD' to 'BYTE', possible loss of data
  char_resist.cpp
  char_skill.cpp
D:\Workshop\Metin2\TurkmmoSF\source\server\Server\game\src\packet.h(2315,37): warning C4244: '=': conversion from 'DWORD' to 'WORD', possible loss of data
D:\Workshop\Metin2\TurkmmoSF\source\server\Server\libsql\AsyncSQL.h(11,10): fatal error C1083: Cannot open include file: 'mysql/mysql.h': No such file or directory
  char_state.cpp
D:\Workshop\Metin2\TurkmmoSF\source\server\Server\game\src\packet.h(2315,37): warning C4244: '=': conversion from 'DWORD' to 'WORD', possible loss of data
D:\Workshop\Metin2\TurkmmoSF\source\server\Server\game\src\char_state.cpp(279,16): warning C4244: 'argument': conversion from 'int' to 'float', possible loss of data
D:\Workshop\Metin2\TurkmmoSF\source\server\Server\game\src\char_state.cpp(282,16): warning C4244: 'initializing': conversion from 'int' to 'float', possible loss of data
D:\Workshop\Metin2\TurkmmoSF\source\server\Server\game\src\char_state.cpp(573,31): warning C4244: 'argument': conversion from 'int' to 'float', possible loss of data
D:\Workshop\Metin2\TurkmmoSF\source\server\Server\game\src\char_state.cpp(580,17): warning C4244: 'argument': conversion from 'int' to 'float', possible loss of data
D:\Workshop\Metin2\TurkmmoSF\source\server\Server\game\src\char_state.cpp(583,17): warning C4244: 'initializing': conversion from 'int' to 'float', possible loss of data
D:\Workshop\Metin2\TurkmmoSF\source\server\Server\game\src\char_state.cpp(670,29): warning C4244: 'argument': conversion from 'int' to 'float', possible loss of data
D:\Workshop\Metin2\TurkmmoSF\source\server\Server\game\src\char_state.cpp(685,16): warning C4244: 'argument': conversion from 'int' to 'float', possible loss of data
D:\Workshop\Metin2\TurkmmoSF\source\server\Server\game\src\char_state.cpp(688,16): warning C4244: 'initializing': conversion from 'int' to 'float', possible loss of data
D:\Workshop\Metin2\TurkmmoSF\source\server\Server\game\src\char_state.cpp(725,58): warning C4244: 'argument': conversion from 'int' to 'float', possible loss of data
D:\Workshop\Metin2\TurkmmoSF\source\server\Server\game\src\char_state.cpp(731,58): warning C4244: 'argument': conversion from 'int' to 'float', possible loss of data
D:\Workshop\Metin2\TurkmmoSF\source\server\Server\game\src\char_state.cpp(935,18): warning C4244: 'initializing': conversion from 'int' to 'float', possible loss of data
D:\Workshop\Metin2\TurkmmoSF\source\server\Server\game\src\char_state.cpp(937,23): warning C4244: 'argument': conversion from 'int' to 'float', possible loss of data
D:\Workshop\Metin2\TurkmmoSF\source\server\Server\game\src\char_state.cpp(1003,14): warning C4244: 'initializing': conversion from 'int' to 'float', possible loss of data
D:\Workshop\Metin2\TurkmmoSF\source\server\Server\game\src\char_state.cpp(1012,26): warning C4244: 'argument': conversion from 'int' to 'float', possible loss of data
D:\Workshop\Metin2\TurkmmoSF\source\server\Server\game\src\char_state.cpp(1159,14): warning C4244: 'initializing': conversion from 'int' to 'float', possible loss of data
D:\Workshop\Metin2\TurkmmoSF\source\server\Server\game\src\char_state.cpp(1166,18): warning C4244: 'argument': conversion from 'int' to 'float', possible loss of data
D:\Workshop\Metin2\TurkmmoSF\source\server\Server\game\src\char_state.cpp(1175,15): warning C4244: 'argument': conversion from 'int' to 'float', possible loss of data
D:\Workshop\Metin2\TurkmmoSF\source\server\Server\game\src\char_state.cpp(1178,15): warning C4244: 'initializing': conversion from 'int' to 'float', possible loss of data
  cipher.cpp
  ClientPackageCryptInfo.cpp
D:\Workshop\Metin2\TurkmmoSF\source\server\Server\game\src\ClientPackageCryptInfo.h(19,1): warning C4267: 'initializing': conversion from 'size_t' to 'BYTE', possible loss of data
  cmd.cpp
D:\Workshop\Metin2\TurkmmoSF\source\server\Server\libsql\AsyncSQL.h(11,10): fatal error C1083: Cannot open include file: 'mysql/mysql.h': No such file or directory
  cmd_emotion.cpp
D:\Workshop\Metin2\TurkmmoSF\source\server\Server\game\src\packet.h(2315,37): warning C4244: '=': conversion from 'DWORD' to 'WORD', possible loss of data
  cmd_general.cpp
D:\Workshop\Metin2\TurkmmoSF\source\server\Server\game\src\packet.h(2315,37): warning C4244: '=': conversion from 'DWORD' to 'WORD', possible loss of data
D:\Workshop\Metin2\TurkmmoSF\source\server\Server\common\stl.h(27,33): warning C4242: '=': conversion from 'int' to 'char', possible loss of data
D:\Workshop\Metin2\TurkmmoSF\source\server\Server\libsql\AsyncSQL.h(11,10): fatal error C1083: Cannot open include file: 'mysql/mysql.h': No such file or directory
  cmd_gm.cpp
D:\Workshop\Metin2\TurkmmoSF\source\server\Server\game\src\packet.h(2315,37): warning C4244: '=': conversion from 'DWORD' to 'WORD', possible loss of data
D:\Workshop\Metin2\TurkmmoSF\source\server\Server\common\stl.h(27,33): warning C4242: '=': conversion from 'int' to 'char', possible loss of data
D:\Workshop\Metin2\TurkmmoSF\source\server\Server\libsql\AsyncSQL.h(11,10): fatal error C1083: Cannot open include file: 'mysql/mysql.h': No such file or directory
  cmd_oxevent.cpp
  config.cpp
D:\Workshop\Metin2\TurkmmoSF\source\server\Server\libsql\AsyncSQL.h(11,10): fatal error C1083: Cannot open include file: 'mysql/mysql.h': No such file or directory
  constants.cpp
D:\Workshop\Metin2\TurkmmoSF\source\server\Server\game\src\constants.cpp(1110,12): warning C4996: 'stricmp': The POSIX name for this item is deprecated. Instead, use the ISO C and C++ conformant name: _stricmp. See online help for details.
  crc32.cpp
  cube.cpp
D:\Workshop\Metin2\TurkmmoSF\source\server\Server\libsql\AsyncSQL.h(11,10): fatal error C1083: Cannot open include file: 'mysql/mysql.h': No such file or directory
  Generating Code...
  Compiling...
  db.cpp
D:\Workshop\Metin2\TurkmmoSF\source\server\Server\libsql\AsyncSQL.h(11,10): fatal error C1083: Cannot open include file: 'mysql/mysql.h': No such file or directory
  desc.cpp
D:\Workshop\Metin2\TurkmmoSF\source\server\Server\game\src\packet.h(2315,37): warning C4244: '=': conversion from 'DWORD' to 'WORD', possible loss of data
D:\Workshop\Metin2\TurkmmoSF\source\server\Server\common\stl.h(27,33): warning C4242: '=': conversion from 'int' to 'char', possible loss of data
D:\Workshop\Metin2\TurkmmoSF\source\server\Server\libsql\AsyncSQL.h(11,10): fatal error C1083: Cannot open include file: 'mysql/mysql.h': No such file or directory
  desc_client.cpp
D:\Workshop\Metin2\TurkmmoSF\source\server\Server\game\src\packet.h(2315,37): warning C4244: '=': conversion from 'DWORD' to 'WORD', possible loss of data
D:\Workshop\Metin2\TurkmmoSF\source\server\Server\common\stl.h(27,33): warning C4242: '=': conversion from 'int' to 'char', possible loss of data
D:\Workshop\Metin2\TurkmmoSF\source\server\Server\libsql\AsyncSQL.h(11,10): fatal error C1083: Cannot open include file: 'mysql/mysql.h': No such file or directory
  desc_manager.cpp
D:\Workshop\Metin2\TurkmmoSF\source\server\Server\game\src\packet.h(2315,37): warning C4244: '=': conversion from 'DWORD' to 'WORD', possible loss of data
D:\Workshop\Metin2\TurkmmoSF\source\server\Server\common\stl.h(27,33): warning C4242: '=': conversion from 'int' to 'char', possible loss of data
D:\Workshop\Metin2\TurkmmoSF\source\server\Server\libsql\AsyncSQL.h(11,10): fatal error C1083: Cannot open include file: 'mysql/mysql.h': No such file or directory
  desc_p2p.cpp
D:\Workshop\Metin2\TurkmmoSF\source\server\Server\game\src\packet.h(2315,37): warning C4244: '=': conversion from 'DWORD' to 'WORD', possible loss of data
D:\Workshop\Metin2\TurkmmoSF\source\server\Server\common\stl.h(27,33): warning C4242: '=': conversion from 'int' to 'char', possible loss of data
  dev_log.cpp
D:\Workshop\Metin2\TurkmmoSF\source\server\Server\game\src\dev_log.cpp(133,4): warning C4996: 'write': The POSIX name for this item is deprecated. Instead, use the ISO C and C++ conformant name: _write. See online help for details.
D:\Workshop\Metin2\TurkmmoSF\source\server\Server\game\src\dev_log.cpp(134,4): warning C4996: 'close': The POSIX name for this item is deprecated. Instead, use the ISO C and C++ conformant name: _close. See online help for details.
  dragon_soul_table.cpp
  DragonLair.cpp
D:\Workshop\Metin2\TurkmmoSF\source\server\Server\libsql\AsyncSQL.h(11,10): fatal error C1083: Cannot open include file: 'mysql/mysql.h': No such file or directory
  DragonSoul.cpp
D:\Workshop\Metin2\TurkmmoSF\source\server\Server\game\src\packet.h(2315,37): warning C4244: '=': conversion from 'DWORD' to 'WORD', possible loss of data
D:\Workshop\Metin2\TurkmmoSF\source\server\Server\common\stl.h(27,33): warning C4242: '=': conversion from 'int' to 'char', possible loss of data
D:\Workshop\Metin2\TurkmmoSF\source\server\Server\libsql\AsyncSQL.h(11,10): fatal error C1083: Cannot open include file: 'mysql/mysql.h': No such file or directory
  dungeon.cpp
D:\Workshop\Metin2\TurkmmoSF\source\server\Server\game\src\packet.h(2315,37): warning C4244: '=': conversion from 'DWORD' to 'WORD', possible loss of data
  empire_text_convert.cpp
  entity.cpp
D:\Workshop\Metin2\TurkmmoSF\source\server\Server\game\src\packet.h(2315,37): warning C4244: '=': conversion from 'DWORD' to 'WORD', possible loss of data
  entity_view.cpp
  event.cpp
  event_queue.cpp
  exchange.cpp
D:\Workshop\Metin2\TurkmmoSF\source\server\Server\game\src\packet.h(2315,37): warning C4244: '=': conversion from 'DWORD' to 'WORD', possible loss of data
D:\Workshop\Metin2\TurkmmoSF\source\server\Server\common\stl.h(27,33): warning C4242: '=': conversion from 'int' to 'char', possible loss of data
D:\Workshop\Metin2\TurkmmoSF\source\server\Server\libsql\AsyncSQL.h(11,10): fatal error C1083: Cannot open include file: 'mysql/mysql.h': No such file or directory
  file_loader.cpp
  fishing.cpp
D:\Workshop\Metin2\TurkmmoSF\source\server\Server\game\src\packet.h(2315,37): warning C4244: '=': conversion from 'DWORD' to 'WORD', possible loss of data
D:\Workshop\Metin2\TurkmmoSF\source\server\Server\libsql\AsyncSQL.h(11,10): fatal error C1083: Cannot open include file: 'mysql/mysql.h': No such file or directory
  FSM.cpp
  gm.cpp
  Generating Code...
  Compiling...
  group_text_parse_tree.cpp
  guild.cpp
D:\Workshop\Metin2\TurkmmoSF\source\server\Server\game\src\packet.h(2315,37): warning C4244: '=': conversion from 'DWORD' to 'WORD', possible loss of data
D:\Workshop\Metin2\TurkmmoSF\source\server\Server\libsql\AsyncSQL.h(11,10): fatal error C1083: Cannot open include file: 'mysql/mysql.h': No such file or directory
  guild_manager.cpp
D:\Workshop\Metin2\TurkmmoSF\source\server\Server\libsql\AsyncSQL.h(11,10): fatal error C1083: Cannot open include file: 'mysql/mysql.h': No such file or directory
  guild_war.cpp
D:\Workshop\Metin2\TurkmmoSF\source\server\Server\libsql\AsyncSQL.h(11,10): fatal error C1083: Cannot open include file: 'mysql/mysql.h': No such file or directory
  HackShield.cpp
  HackShield_Impl.cpp
  horse_rider.cpp
  horsename_manager.cpp
D:\Workshop\Metin2\TurkmmoSF\source\server\Server\game\src\packet.h(2315,37): warning C4244: '=': conversion from 'DWORD' to 'WORD', possible loss of data
D:\Workshop\Metin2\TurkmmoSF\source\server\Server\common\stl.h(27,33): warning C4242: '=': conversion from 'int' to 'char', possible loss of data
  input.cpp
D:\Workshop\Metin2\TurkmmoSF\source\server\Server\game\src\packet.h(2315,37): warning C4244: '=': conversion from 'DWORD' to 'WORD', possible loss of data
D:\Workshop\Metin2\TurkmmoSF\source\server\Server\common\stl.h(27,33): warning C4242: '=': conversion from 'int' to 'char', possible loss of data
D:\Workshop\Metin2\TurkmmoSF\source\server\Server\libsql\AsyncSQL.h(11,10): fatal error C1083: Cannot open include file: 'mysql/mysql.h': No such file or directory
  input_auth.cpp
D:\Workshop\Metin2\TurkmmoSF\source\server\Server\game\src\packet.h(2315,37): warning C4244: '=': conversion from 'DWORD' to 'WORD', possible loss of data
D:\Workshop\Metin2\TurkmmoSF\source\server\Server\common\stl.h(27,33): warning C4242: '=': conversion from 'int' to 'char', possible loss of data
D:\Workshop\Metin2\TurkmmoSF\source\server\Server\libsql\AsyncSQL.h(11,10): fatal error C1083: Cannot open include file: 'mysql/mysql.h': No such file or directory
  input_db.cpp
D:\Workshop\Metin2\TurkmmoSF\source\server\Server\game\src\packet.h(2315,37): warning C4244: '=': conversion from 'DWORD' to 'WORD', possible loss of data
D:\Workshop\Metin2\TurkmmoSF\source\server\Server\libsql\AsyncSQL.h(11,10): fatal error C1083: Cannot open include file: 'mysql/mysql.h': No such file or directory
  input_login.cpp
D:\Workshop\Metin2\TurkmmoSF\source\server\Server\game\src\packet.h(2315,37): warning C4244: '=': conversion from 'DWORD' to 'WORD', possible loss of data
D:\Workshop\Metin2\TurkmmoSF\source\server\Server\common\stl.h(27,33): warning C4242: '=': conversion from 'int' to 'char', possible loss of data
D:\Workshop\Metin2\TurkmmoSF\source\server\Server\libsql\AsyncSQL.h(11,10): fatal error C1083: Cannot open include file: 'mysql/mysql.h': No such file or directory
  input_main.cpp
D:\Workshop\Metin2\TurkmmoSF\source\server\Server\game\src\packet.h(2315,37): warning C4244: '=': conversion from 'DWORD' to 'WORD', possible loss of data
D:\Workshop\Metin2\TurkmmoSF\source\server\Server\common\stl.h(27,33): warning C4242: '=': conversion from 'int' to 'char', possible loss of data
D:\Workshop\Metin2\TurkmmoSF\source\server\Server\libsql\AsyncSQL.h(11,10): fatal error C1083: Cannot open include file: 'mysql/mysql.h': No such file or directory
  input_p2p.cpp
D:\Workshop\Metin2\TurkmmoSF\source\server\Server\game\src\packet.h(2315,37): warning C4244: '=': conversion from 'DWORD' to 'WORD', possible loss of data
D:\Workshop\Metin2\TurkmmoSF\source\server\Server\common\stl.h(27,33): warning C4242: '=': conversion from 'int' to 'char', possible loss of data
D:\Workshop\Metin2\TurkmmoSF\source\server\Server\libsql\AsyncSQL.h(11,10): fatal error C1083: Cannot open include file: 'mysql/mysql.h': No such file or directory
  input_teen.cpp
D:\Workshop\Metin2\TurkmmoSF\source\server\Server\game\src\packet.h(2315,37): warning C4244: '=': conversion from 'DWORD' to 'WORD', possible loss of data
D:\Workshop\Metin2\TurkmmoSF\source\server\Server\common\stl.h(27,33): warning C4242: '=': conversion from 'int' to 'char', possible loss of data
D:\Workshop\Metin2\TurkmmoSF\source\server\Server\libsql\AsyncSQL.h(11,10): fatal error C1083: Cannot open include file: 'mysql/mysql.h': No such file or directory
  input_udp.cpp
D:\Workshop\Metin2\TurkmmoSF\source\server\Server\game\src\packet.h(2315,37): warning C4244: '=': conversion from 'DWORD' to 'WORD', possible loss of data
D:\Workshop\Metin2\TurkmmoSF\source\server\Server\common\stl.h(27,33): warning C4242: '=': conversion from 'int' to 'char', possible loss of data
D:\Workshop\Metin2\TurkmmoSF\source\server\Server\game\src\input_udp.cpp(63,34): warning C4996: 'inet_ntoa': Use inet_ntop() or InetNtop() instead or define _WINSOCK_DEPRECATED_NO_WARNINGS to disable deprecated API warnings
D:\Workshop\Metin2\TurkmmoSF\source\server\Server\game\src\input_udp.cpp(117,2): warning C4065: switch statement contains 'default' but no 'case' labels
  ip_ban.cpp
D:\Workshop\Metin2\TurkmmoSF\source\server\Server\game\src\ip_ban.cpp(98,27): warning C4996: 'inet_ntoa': Use inet_ntop() or InetNtop() instead or define _WINSOCK_DEPRECATED_NO_WARNINGS to disable deprecated API warnings
D:\Workshop\Metin2\TurkmmoSF\source\server\Server\game\src\ip_ban.cpp(99,27): warning C4996: 'inet_ntoa': Use inet_ntop() or InetNtop() instead or define _WINSOCK_DEPRECATED_NO_WARNINGS to disable deprecated API warnings
D:\Workshop\Metin2\TurkmmoSF\source\server\Server\game\src\ip_ban.cpp(100,39): warning C4996: 'inet_ntoa': Use inet_ntop() or InetNtop() instead or define _WINSOCK_DEPRECATED_NO_WARNINGS to disable deprecated API warnings
  item.cpp
D:\Workshop\Metin2\TurkmmoSF\source\server\Server\game\src\packet.h(2315,37): warning C4244: '=': conversion from 'DWORD' to 'WORD', possible loss of data
D:\Workshop\Metin2\TurkmmoSF\source\server\Server\libsql\AsyncSQL.h(11,10): fatal error C1083: Cannot open include file: 'mysql/mysql.h': No such file or directory
  item_addon.cpp
  item_attribute.cpp
D:\Workshop\Metin2\TurkmmoSF\source\server\Server\libsql\AsyncSQL.h(11,10): fatal error C1083: Cannot open include file: 'mysql/mysql.h': No such file or directory
  Generating Code...
  Compiling...
  item_manager.cpp
D:\Workshop\Metin2\TurkmmoSF\source\server\Server\game\src\packet.h(2315,37): warning C4244: '=': conversion from 'DWORD' to 'WORD', possible loss of data
D:\Workshop\Metin2\TurkmmoSF\source\server\Server\libsql\AsyncSQL.h(11,10): fatal error C1083: Cannot open include file: 'mysql/mysql.h': No such file or directory
  item_manager_idrange.cpp
D:\Workshop\Metin2\TurkmmoSF\source\server\Server\game\src\packet.h(2315,37): warning C4244: '=': conversion from 'DWORD' to 'WORD', possible loss of data
  item_manager_read_tables.cpp
D:\Workshop\Metin2\TurkmmoSF\source\server\Server\game\src\packet.h(2315,37): warning C4244: '=': conversion from 'DWORD' to 'WORD', possible loss of data
D:\Workshop\Metin2\TurkmmoSF\source\server\Server\libsql\AsyncSQL.h(11,10): fatal error C1083: Cannot open include file: 'mysql/mysql.h': No such file or directory
  locale.cpp
  locale_service.cpp
  log.cpp
D:\Workshop\Metin2\TurkmmoSF\source\server\Server\libsql\AsyncSQL.h(11,10): fatal error C1083: Cannot open include file: 'mysql/mysql.h': No such file or directory
  login_data.cpp
  lzo_manager.cpp
  main.cpp
D:\Workshop\Metin2\TurkmmoSF\source\server\Server\game\src\packet.h(2315,37): warning C4244: '=': conversion from 'DWORD' to 'WORD', possible loss of data
D:\Workshop\Metin2\TurkmmoSF\source\server\Server\libsql\AsyncSQL.h(11,10): fatal error C1083: Cannot open include file: 'mysql/mysql.h': No such file or directory
  map_location.cpp
D:\Workshop\Metin2\TurkmmoSF\source\server\Server\game\src\map_location.cpp(46,13): warning C4996: 'inet_addr': Use inet_pton() or InetPton() instead or define _WINSOCK_DEPRECATED_NO_WARNINGS to disable deprecated API warnings
  MarkConvert.cpp
  MarkImage.cpp
  MarkManager.cpp
D:\Workshop\Metin2\TurkmmoSF\source\server\Server\game\src\MarkManager.cpp(204,18): warning C4244: '=': conversion from '_Ty1' to 'WORD', possible loss of data
          with
          [
              _Ty1=const DWORD
          ]
D:\Workshop\Metin2\TurkmmoSF\source\server\Server\game\src\MarkManager.cpp(205,18): warning C4244: '=': conversion from 'const _Ty2' to 'WORD', possible loss of data
          with
          [
              _Ty2=DWORD
          ]
  marriage.cpp
D:\Workshop\Metin2\TurkmmoSF\source\server\Server\game\src\packet.h(2315,37): warning C4244: '=': conversion from 'DWORD' to 'WORD', possible loss of data
D:\Workshop\Metin2\TurkmmoSF\source\server\Server\game\src\marriage.cpp(49,28): warning C4242: '=': conversion from 'int' to 'BYTE', possible loss of data
D:\Workshop\Metin2\TurkmmoSF\source\server\Server\game\src\marriage.cpp(415,21): warning C4244: 'argument': conversion from 'uint64_t' to 'int', possible loss of data
  matrix_card.cpp
  messenger_manager.cpp
D:\Workshop\Metin2\TurkmmoSF\source\server\Server\libsql\AsyncSQL.h(11,10): fatal error C1083: Cannot open include file: 'mysql/mysql.h': No such file or directory
  mining.cpp
D:\Workshop\Metin2\TurkmmoSF\source\server\Server\libsql\AsyncSQL.h(11,10): fatal error C1083: Cannot open include file: 'mysql/mysql.h': No such file or directory
  mob_manager.cpp
  monarch.cpp
D:\Workshop\Metin2\TurkmmoSF\source\server\Server\game\src\packet.h(2315,37): warning C4244: '=': conversion from 'DWORD' to 'WORD', possible loss of data
D:\Workshop\Metin2\TurkmmoSF\source\server\Server\game\src\monarch.cpp(176,36): warning C4244: 'return': conversion from 'int64_t' to 'int', possible loss of data
  motion.cpp
D:\Workshop\Metin2\TurkmmoSF\source\server\Server\game\src\motion.cpp(27,19): warning C4244: '=': conversion from 'double' to 'float', possible loss of data
D:\Workshop\Metin2\TurkmmoSF\source\server\Server\game\src\motion.cpp(110,73): warning C4996: 'stricmp': The POSIX name for this item is deprecated. Instead, use the ISO C and C++ conformant name: _stricmp. See online help for details.
D:\Workshop\Metin2\TurkmmoSF\source\server\Server\game\src\motion.cpp(520,74): warning C4146: unary minus operator applied to unsigned type, result still unsigned
  Generating Code...
  Compiling...
  over9refine.cpp
D:\Workshop\Metin2\TurkmmoSF\source\server\Server\libsql\AsyncSQL.h(11,10): fatal error C1083: Cannot open include file: 'mysql/mysql.h': No such file or directory
  OXEvent.cpp
D:\Workshop\Metin2\TurkmmoSF\source\server\Server\game\src\packet.h(2315,37): warning C4244: '=': conversion from 'DWORD' to 'WORD', possible loss of data
D:\Workshop\Metin2\TurkmmoSF\source\server\Server\libsql\AsyncSQL.h(11,10): fatal error C1083: Cannot open include file: 'mysql/mysql.h': No such file or directory
  p2p.cpp
D:\Workshop\Metin2\TurkmmoSF\source\server\Server\game\src\packet.h(2315,37): warning C4244: '=': conversion from 'DWORD' to 'WORD', possible loss of data
D:\Workshop\Metin2\TurkmmoSF\source\server\Server\libsql\AsyncSQL.h(11,10): fatal error C1083: Cannot open include file: 'mysql/mysql.h': No such file or directory
  packet_info.cpp
D:\Workshop\Metin2\TurkmmoSF\source\server\Server\game\src\packet.h(2315,37): warning C4244: '=': conversion from 'DWORD' to 'WORD', possible loss of data
  panama.cpp
D:\Workshop\Metin2\TurkmmoSF\source\server\Server\game\src\packet.h(2315,37): warning C4244: '=': conversion from 'DWORD' to 'WORD', possible loss of data
  party.cpp
D:\Workshop\Metin2\TurkmmoSF\source\server\Server\game\src\packet.h(2315,37): warning C4244: '=': conversion from 'DWORD' to 'WORD', possible loss of data
D:\Workshop\Metin2\TurkmmoSF\source\server\Server\game\src\party.cpp(581,64): warning C4242: 'argument': conversion from 'int' to 'BYTE', possible loss of data
  passpod.cpp
  pcbang.cpp
D:\Workshop\Metin2\TurkmmoSF\source\server\Server\libsql\AsyncSQL.h(11,10): fatal error C1083: Cannot open include file: 'mysql/mysql.h': No such file or directory
  PetSystem.cpp
D:\Workshop\Metin2\TurkmmoSF\source\server\Server\game\src\packet.h(2315,37): warning C4244: '=': conversion from 'DWORD' to 'WORD', possible loss of data
D:\Workshop\Metin2\TurkmmoSF\source\server\Server\game\src\PetSystem.cpp(187,16): warning C4244: 'argument': conversion from 'float' to 'int', possible loss of data
D:\Workshop\Metin2\TurkmmoSF\source\server\Server\game\src\PetSystem.cpp(187,14): warning C4244: 'initializing': conversion from 'int' to 'float', possible loss of data
D:\Workshop\Metin2\TurkmmoSF\source\server\Server\game\src\PetSystem.cpp(204,57): warning C4244: 'argument': conversion from 'float' to 'long', possible loss of data
D:\Workshop\Metin2\TurkmmoSF\source\server\Server\game\src\PetSystem.cpp(204,49): warning C4244: 'argument': conversion from 'float' to 'long', possible loss of data
D:\Workshop\Metin2\TurkmmoSF\source\server\Server\game\src\PetSystem.cpp(241,14): warning C4244: 'initializing': conversion from 'int' to 'float', possible loss of data
D:\Workshop\Metin2\TurkmmoSF\source\server\Server\game\src\PetSystem.cpp(248,68): warning C4244: 'argument': conversion from 'float' to 'long', possible loss of data
D:\Workshop\Metin2\TurkmmoSF\source\server\Server\game\src\PetSystem.cpp(248,55): warning C4244: 'argument': conversion from 'float' to 'long', possible loss of data
D:\Workshop\Metin2\TurkmmoSF\source\server\Server\game\src\PetSystem.cpp(263,10): warning C4244: 'argument': conversion from 'int' to 'float', possible loss of data
D:\Workshop\Metin2\TurkmmoSF\source\server\Server\game\src\PetSystem.cpp(312,16): warning C4244: 'initializing': conversion from 'long' to 'float', possible loss of data
D:\Workshop\Metin2\TurkmmoSF\source\server\Server\game\src\PetSystem.cpp(313,16): warning C4244: 'initializing': conversion from 'long' to 'float', possible loss of data
D:\Workshop\Metin2\TurkmmoSF\source\server\Server\game\src\PetSystem.cpp(315,14): warning C4244: 'initializing': conversion from 'long' to 'float', possible loss of data
D:\Workshop\Metin2\TurkmmoSF\source\server\Server\game\src\PetSystem.cpp(316,14): warning C4244: 'initializing': conversion from 'long' to 'float', possible loss of data
D:\Workshop\Metin2\TurkmmoSF\source\server\Server\game\src\PetSystem.cpp(318,55): warning C4244: 'argument': conversion from 'float' to 'long', possible loss of data
D:\Workshop\Metin2\TurkmmoSF\source\server\Server\game\src\PetSystem.cpp(318,38): warning C4244: 'argument': conversion from 'float' to 'long', possible loss of data
D:\Workshop\Metin2\TurkmmoSF\source\server\Server\game\src\PetSystem.cpp(322,37): warning C4244: 'argument': conversion from 'float' to 'long', possible loss of data
D:\Workshop\Metin2\TurkmmoSF\source\server\Server\game\src\PetSystem.cpp(322,28): warning C4244: 'argument': conversion from 'float' to 'long', possible loss of data
  polymorph.cpp
  priv_manager.cpp
D:\Workshop\Metin2\TurkmmoSF\source\server\Server\game\src\packet.h(2315,37): warning C4244: '=': conversion from 'DWORD' to 'WORD', possible loss of data
D:\Workshop\Metin2\TurkmmoSF\source\server\Server\libsql\AsyncSQL.h(11,10): fatal error C1083: Cannot open include file: 'mysql/mysql.h': No such file or directory
  pvp.cpp
D:\Workshop\Metin2\TurkmmoSF\source\server\Server\game\src\packet.h(2315,37): warning C4244: '=': conversion from 'DWORD' to 'WORD', possible loss of data
D:\Workshop\Metin2\TurkmmoSF\source\server\Server\common\stl.h(27,33): warning C4242: '=': conversion from 'int' to 'char', possible loss of data
  questevent.cpp
  questlua.cpp
D:\Workshop\Metin2\TurkmmoSF\source\server\Server\game\src\packet.h(2315,37): warning C4244: '=': conversion from 'DWORD' to 'WORD', possible loss of data
D:\Workshop\Metin2\TurkmmoSF\source\server\Server\common\stl.h(27,33): warning C4242: '=': conversion from 'int' to 'char', possible loss of data
D:\Workshop\Metin2\TurkmmoSF\source\server\Server\libsql\AsyncSQL.h(11,10): fatal error C1083: Cannot open include file: 'mysql/mysql.h': No such file or directory
  questlua_affect.cpp
D:\Workshop\Metin2\TurkmmoSF\source\server\Server\libsql\AsyncSQL.h(11,10): fatal error C1083: Cannot open include file: 'mysql/mysql.h': No such file or directory
  questlua_arena.cpp
  questlua_ba.cpp
  questlua_building.cpp
D:\Workshop\Metin2\TurkmmoSF\source\server\Server\libsql\AsyncSQL.h(11,10): fatal error C1083: Cannot open include file: 'mysql/mysql.h': No such file or directory
  questlua_danceevent.cpp
D:\Workshop\Metin2\TurkmmoSF\source\server\Server\game\src\questlua_danceevent.cpp(16,45): warning C4805: '!=': unsafe mix of type 'BOOL' and type 'bool' in operation
  questlua_dragonlair.cpp
D:\Workshop\Metin2\TurkmmoSF\source\server\Server\game\src\questlua_dragonlair.cpp(13,21): warning C4244: 'initializing': conversion from 'lua_Number' to 'long', possible loss of data
  Generating Code...
  Compiling...
  questlua_dragonsoul.cpp
  questlua_dungeon.cpp
D:\Workshop\Metin2\TurkmmoSF\source\server\Server\game\src\packet.h(2315,37): warning C4244: '=': conversion from 'DWORD' to 'WORD', possible loss of data
D:\Workshop\Metin2\TurkmmoSF\source\server\Server\libsql\AsyncSQL.h(11,10): fatal error C1083: Cannot open include file: 'mysql/mysql.h': No such file or directory
  questlua_forked.cpp
D:\Workshop\Metin2\TurkmmoSF\source\server\Server\game\src\packet.h(2315,37): warning C4244: '=': conversion from 'DWORD' to 'WORD', possible loss of data
D:\Workshop\Metin2\TurkmmoSF\source\server\Server\game\src\questlua_forked.cpp(104,49): warning C4244: 'argument': conversion from 'lua_Number' to 'BYTE', possible loss of data
D:\Workshop\Metin2\TurkmmoSF\source\server\Server\game\src\questlua_forked.cpp(130,81): warning C4244: 'argument': conversion from 'lua_Number' to 'int', possible loss of data
D:\Workshop\Metin2\TurkmmoSF\source\server\Server\game\src\questlua_forked.cpp(137,76): warning C4244: 'argument': conversion from 'lua_Number' to 'int', possible loss of data
  questlua_game.cpp
D:\Workshop\Metin2\TurkmmoSF\source\server\Server\game\src\packet.h(2315,37): warning C4244: '=': conversion from 'DWORD' to 'WORD', possible loss of data
D:\Workshop\Metin2\TurkmmoSF\source\server\Server\common\stl.h(27,33): warning C4242: '=': conversion from 'int' to 'char', possible loss of data
  questlua_global.cpp
D:\Workshop\Metin2\TurkmmoSF\source\server\Server\libsql\AsyncSQL.h(11,10): fatal error C1083: Cannot open include file: 'mysql/mysql.h': No such file or directory
  questlua_guild.cpp
D:\Workshop\Metin2\TurkmmoSF\source\server\Server\game\src\packet.h(2315,37): warning C4244: '=': conversion from 'DWORD' to 'WORD', possible loss of data
D:\Workshop\Metin2\TurkmmoSF\source\server\Server\common\stl.h(27,33): warning C4242: '=': conversion from 'int' to 'char', possible loss of data
D:\Workshop\Metin2\TurkmmoSF\source\server\Server\game\src\questlua_guild.cpp(374,35): warning C4805: '==': unsafe mix of type 'int' and type 'bool' in operation
D:\Workshop\Metin2\TurkmmoSF\source\server\Server\game\src\questlua_guild.cpp(539,42): warning C4244: 'argument': conversion from 'lua_Number' to 'int', possible loss of data
D:\Workshop\Metin2\TurkmmoSF\source\server\Server\game\src\questlua_guild.cpp(558,66): warning C4244: 'argument': conversion from 'lua_Number' to 'DWORD', possible loss of data
D:\Workshop\Metin2\TurkmmoSF\source\server\Server\game\src\questlua_guild.cpp(568,78): warning C4244: 'argument': conversion from 'lua_Number' to 'BYTE', possible loss of data
D:\Workshop\Metin2\TurkmmoSF\source\server\Server\game\src\questlua_guild.cpp(568,58): warning C4244: 'argument': conversion from 'lua_Number' to 'BYTE', possible loss of data
D:\Workshop\Metin2\TurkmmoSF\source\server\Server\game\src\questlua_guild.cpp(568,38): warning C4244: 'argument': conversion from 'lua_Number' to 'DWORD', possible loss of data
D:\Workshop\Metin2\TurkmmoSF\source\server\Server\game\src\questlua_guild.cpp(587,38): warning C4244: 'argument': conversion from 'lua_Number' to 'BYTE', possible loss of data
D:\Workshop\Metin2\TurkmmoSF\source\server\Server\game\src\questlua_guild.cpp(593,60): warning C4244: 'argument': conversion from 'lua_Number' to 'int', possible loss of data
D:\Workshop\Metin2\TurkmmoSF\source\server\Server\game\src\questlua_guild.cpp(609,15): warning C4244: 'initializing': conversion from 'lua_Number' to 'DWORD', possible loss of data
D:\Workshop\Metin2\TurkmmoSF\source\server\Server\game\src\questlua_guild.cpp(641,58): warning C4244: 'argument': conversion from 'lua_Number' to 'int', possible loss of data
  questlua_horse.cpp
D:\Workshop\Metin2\TurkmmoSF\source\server\Server\game\src\questlua_horse.cpp(71,19): warning C4244: 'initializing': conversion from 'lua_Number' to 'DWORD', possible loss of data
D:\Workshop\Metin2\TurkmmoSF\source\server\Server\game\src\questlua_horse.cpp(218,30): warning C4805: '!=': unsafe mix of type 'int' and type 'bool' in operation
D:\Workshop\Metin2\TurkmmoSF\source\server\Server\game\src\questlua_horse.cpp(232,45): warning C4805: '==': unsafe mix of type 'int' and type 'bool' in operation
D:\Workshop\Metin2\TurkmmoSF\source\server\Server\game\src\questlua_horse.cpp(276,39): warning C4244: 'argument': conversion from 'lua_Number' to 'int', possible loss of data
D:\Workshop\Metin2\TurkmmoSF\source\server\Server\game\src\questlua_horse.cpp(277,40): warning C4244: 'argument': conversion from 'lua_Number' to 'int', possible loss of data
  questlua_item.cpp
D:\Workshop\Metin2\TurkmmoSF\source\server\Server\libsql\AsyncSQL.h(11,10): fatal error C1083: Cannot open include file: 'mysql/mysql.h': No such file or directory
  questlua_marriage.cpp
  questlua_mgmt.cpp
D:\Workshop\Metin2\TurkmmoSF\source\server\Server\game\src\packet.h(2315,37): warning C4244: '=': conversion from 'DWORD' to 'WORD', possible loss of data
D:\Workshop\Metin2\TurkmmoSF\source\server\Server\game\src\questlua_mgmt.cpp(28,36): warning C4244: 'argument': conversion from 'int64_t' to 'lua_Number', possible loss of data
  questlua_monarch.cpp
D:\Workshop\Metin2\TurkmmoSF\source\server\Server\game\src\packet.h(2315,37): warning C4244: '=': conversion from 'DWORD' to 'WORD', possible loss of data
D:\Workshop\Metin2\TurkmmoSF\source\server\Server\common\stl.h(27,33): warning C4242: '=': conversion from 'int' to 'char', possible loss of data
  questlua_npc.cpp
D:\Workshop\Metin2\TurkmmoSF\source\server\Server\game\src\questlua_npc.cpp(299,63): warning C4244: 'argument': conversion from 'lua_Number' to 'DWORD', possible loss of data
D:\Workshop\Metin2\TurkmmoSF\source\server\Server\game\src\questlua_npc.cpp(316,63): warning C4244: 'argument': conversion from 'lua_Number' to 'DWORD', possible loss of data
D:\Workshop\Metin2\TurkmmoSF\source\server\Server\game\src\questlua_npc.cpp(319,26): warning C4244: 'argument': conversion from 'lua_Number' to 'float', possible loss of data
D:\Workshop\Metin2\TurkmmoSF\source\server\Server\game\src\questlua_npc.cpp(329,63): warning C4244: 'argument': conversion from 'lua_Number' to 'DWORD', possible loss of data
D:\Workshop\Metin2\TurkmmoSF\source\server\Server\game\src\questlua_npc.cpp(346,63): warning C4244: 'argument': conversion from 'lua_Number' to 'DWORD', possible loss of data
D:\Workshop\Metin2\TurkmmoSF\source\server\Server\game\src\questlua_npc.cpp(349,26): warning C4244: 'argument': conversion from 'lua_Number' to 'float', possible loss of data
  questlua_oxevent.cpp
  questlua_party.cpp
D:\Workshop\Metin2\TurkmmoSF\source\server\Server\game\src\packet.h(2315,37): warning C4244: '=': conversion from 'DWORD' to 'WORD', possible loss of data
D:\Workshop\Metin2\TurkmmoSF\source\server\Server\common\stl.h(27,33): warning C4242: '=': conversion from 'int' to 'char', possible loss of data
D:\Workshop\Metin2\TurkmmoSF\source\server\Server\game\src\questlua_party.cpp(111,1): warning C4267: '=': conversion from 'size_t' to 'WORD', possible loss of data
D:\Workshop\Metin2\TurkmmoSF\source\server\Server\game\src\questlua_party.cpp(389,16): warning C4244: 'initializing': conversion from 'lua_Number' to 'DWORD', possible loss of data
D:\Workshop\Metin2\TurkmmoSF\source\server\Server\game\src\questlua_party.cpp(390,17): warning C4244: 'initializing': conversion from 'lua_Number' to 'BYTE', possible loss of data
D:\Workshop\Metin2\TurkmmoSF\source\server\Server\game\src\questlua_party.cpp(391,20): warning C4244: 'initializing': conversion from 'lua_Number' to 'long', possible loss of data
D:\Workshop\Metin2\TurkmmoSF\source\server\Server\game\src\questlua_party.cpp(392,16): warning C4244: 'initializing': conversion from 'lua_Number' to 'DWORD', possible loss of data
D:\Workshop\Metin2\TurkmmoSF\source\server\Server\game\src\questlua_party.cpp(393,18): warning C4244: 'initializing': conversion from 'lua_Number' to 'long', possible loss of data
D:\Workshop\Metin2\TurkmmoSF\source\server\Server\game\src\questlua_party.cpp(394,16): warning C4244: 'initializing': conversion from 'lua_Number' to 'long', possible loss of data
  questlua_pc.cpp
D:\Workshop\Metin2\TurkmmoSF\source\server\Server\game\src\packet.h(2315,37): warning C4244: '=': conversion from 'DWORD' to 'WORD', possible loss of data
D:\Workshop\Metin2\TurkmmoSF\source\server\Server\libsql\AsyncSQL.h(11,10): fatal error C1083: Cannot open include file: 'mysql/mysql.h': No such file or directory
  questlua_pet.cpp
D:\Workshop\Metin2\TurkmmoSF\source\server\Server\game\src\questlua_pet.cpp(41,17): warning C4244: 'initializing': conversion from 'lua_Number' to 'DWORD', possible loss of data
D:\Workshop\Metin2\TurkmmoSF\source\server\Server\game\src\questlua_pet.cpp(66,17): warning C4244: 'initializing': conversion from 'lua_Number' to 'DWORD', possible loss of data
D:\Workshop\Metin2\TurkmmoSF\source\server\Server\game\src\questlua_pet.cpp(97,17): warning C4244: 'initializing': conversion from 'lua_Number' to 'DWORD', possible loss of data
D:\Workshop\Metin2\TurkmmoSF\source\server\Server\game\src\questlua_pet.cpp(117,17): warning C4244: 'initializing': conversion from 'lua_Number' to 'DWORD', possible loss of data
  questlua_quest.cpp
D:\Workshop\Metin2\TurkmmoSF\source\server\Server\game\src\questlua_quest.cpp(207,13): warning C4244: 'initializing': conversion from 'lua_Number' to 'DWORD', possible loss of data
  questlua_speedserver.cpp
D:\Workshop\Metin2\TurkmmoSF\source\server\Server\game\src\questlua_speedserver.cpp(17,15): warning C4244: 'initializing': conversion from 'lua_Number' to 'BYTE', possible loss of data
D:\Workshop\Metin2\TurkmmoSF\source\server\Server\game\src\questlua_speedserver.cpp(25,12): warning C4244: 'initializing': conversion from 'lua_Number' to 'int', possible loss of data
D:\Workshop\Metin2\TurkmmoSF\source\server\Server\game\src\questlua_speedserver.cpp(53,15): warning C4244: 'initializing': conversion from 'lua_Number' to 'BYTE', possible loss of data
D:\Workshop\Metin2\TurkmmoSF\source\server\Server\game\src\questlua_speedserver.cpp(54,12): warning C4244: 'initializing': conversion from 'lua_Number' to 'int', possible loss of data
D:\Workshop\Metin2\TurkmmoSF\source\server\Server\game\src\questlua_speedserver.cpp(55,17): warning C4244: 'initializing': conversion from 'lua_Number' to 'BYTE', possible loss of data
D:\Workshop\Metin2\TurkmmoSF\source\server\Server\game\src\questlua_speedserver.cpp(56,19): warning C4244: 'initializing': conversion from 'lua_Number' to 'BYTE', possible loss of data
D:\Workshop\Metin2\TurkmmoSF\source\server\Server\game\src\questlua_speedserver.cpp(57,19): warning C4244: 'initializing': conversion from 'lua_Number' to 'int', possible loss of data
D:\Workshop\Metin2\TurkmmoSF\source\server\Server\game\src\questlua_speedserver.cpp(72,15): warning C4244: 'initializing': conversion from 'lua_Number' to 'BYTE', possible loss of data
D:\Workshop\Metin2\TurkmmoSF\source\server\Server\game\src\questlua_speedserver.cpp(73,12): warning C4244: 'initializing': conversion from 'lua_Number' to 'int', possible loss of data
D:\Workshop\Metin2\TurkmmoSF\source\server\Server\game\src\questlua_speedserver.cpp(89,15): warning C4244: 'initializing': conversion from 'lua_Number' to 'BYTE', possible loss of data
D:\Workshop\Metin2\TurkmmoSF\source\server\Server\game\src\questlua_speedserver.cpp(97,83): warning C4244: 'argument': conversion from 'lua_Number' to 'int', possible loss of data
D:\Workshop\Metin2\TurkmmoSF\source\server\Server\game\src\questlua_speedserver.cpp(97,66): warning C4244: 'argument': conversion from 'lua_Number' to 'int', possible loss of data
D:\Workshop\Metin2\TurkmmoSF\source\server\Server\game\src\questlua_speedserver.cpp(97,39): warning C4244: 'argument': conversion from 'lua_Number' to 'int', possible loss of data
D:\Workshop\Metin2\TurkmmoSF\source\server\Server\game\src\questlua_speedserver.cpp(130,15): warning C4244: 'initializing': conversion from 'lua_Number' to 'BYTE', possible loss of data
D:\Workshop\Metin2\TurkmmoSF\source\server\Server\game\src\questlua_speedserver.cpp(131,83): warning C4244: 'argument': conversion from 'lua_Number' to 'int', possible loss of data
D:\Workshop\Metin2\TurkmmoSF\source\server\Server\game\src\questlua_speedserver.cpp(131,66): warning C4244: 'argument': conversion from 'lua_Number' to 'int', possible loss of data
D:\Workshop\Metin2\TurkmmoSF\source\server\Server\game\src\questlua_speedserver.cpp(131,39): warning C4244: 'argument': conversion from 'lua_Number' to 'int', possible loss of data
D:\Workshop\Metin2\TurkmmoSF\source\server\Server\game\src\questlua_speedserver.cpp(132,17): warning C4244: 'initializing': conversion from 'lua_Number' to 'BYTE', possible loss of data
D:\Workshop\Metin2\TurkmmoSF\source\server\Server\game\src\questlua_speedserver.cpp(133,19): warning C4244: 'initializing': conversion from 'lua_Number' to 'BYTE', possible loss of data
D:\Workshop\Metin2\TurkmmoSF\source\server\Server\game\src\questlua_speedserver.cpp(134,19): warning C4244: 'initializing': conversion from 'lua_Number' to 'int', possible loss of data
D:\Workshop\Metin2\TurkmmoSF\source\server\Server\game\src\questlua_speedserver.cpp(150,15): warning C4244: 'initializing': conversion from 'lua_Number' to 'BYTE', possible loss of data
D:\Workshop\Metin2\TurkmmoSF\source\server\Server\game\src\questlua_speedserver.cpp(151,83): warning C4244: 'argument': conversion from 'lua_Number' to 'int', possible loss of data
D:\Workshop\Metin2\TurkmmoSF\source\server\Server\game\src\questlua_speedserver.cpp(151,66): warning C4244: 'argument': conversion from 'lua_Number' to 'int', possible loss of data
D:\Workshop\Metin2\TurkmmoSF\source\server\Server\game\src\questlua_speedserver.cpp(151,39): warning C4244: 'argument': conversion from 'lua_Number' to 'int', possible loss of data
D:\Workshop\Metin2\TurkmmoSF\source\server\Server\game\src\questlua_speedserver.cpp(165,15): warning C4244: 'initializing': conversion from 'lua_Number' to 'BYTE', possible loss of data
  questlua_target.cpp
  questmanager.cpp
D:\Workshop\Metin2\TurkmmoSF\source\server\Server\game\src\packet.h(2315,37): warning C4244: '=': conversion from 'DWORD' to 'WORD', possible loss of data
D:\Workshop\Metin2\TurkmmoSF\source\server\Server\common\stl.h(27,33): warning C4242: '=': conversion from 'int' to 'char', possible loss of data
D:\Workshop\Metin2\TurkmmoSF\source\server\Server\game\src\questmanager.cpp(1034,46): warning C4267: '=': conversion from 'size_t' to 'WORD', possible loss of data
  Generating Code...
  Compiling...
  questnpc.cpp
D:\Workshop\Metin2\TurkmmoSF\source\server\Server\game\src\questnpc.cpp(59,11): warning C4996: 'strnicmp': The POSIX name for this item is deprecated. Instead, use the ISO C and C++ conformant name: _strnicmp. See online help for details.
  questpc.cpp
D:\Workshop\Metin2\TurkmmoSF\source\server\Server\game\src\packet.h(2315,37): warning C4244: '=': conversion from 'DWORD' to 'WORD', possible loss of data
D:\Workshop\Metin2\TurkmmoSF\source\server\Server\game\src\questpc.cpp(240,41): warning C4242: '=': conversion from 'int' to 'WORD', possible loss of data
  refine.cpp
  regen.cpp
  safebox.cpp
D:\Workshop\Metin2\TurkmmoSF\source\server\Server\game\src\packet.h(2315,37): warning C4244: '=': conversion from 'DWORD' to 'WORD', possible loss of data
D:\Workshop\Metin2\TurkmmoSF\source\server\Server\game\src\safebox.cpp(65,32): warning C4244: 'argument': conversion from 'DWORD' to 'WORD', possible loss of data
D:\Workshop\Metin2\TurkmmoSF\source\server\Server\game\src\safebox.cpp(75,38): warning C4244: 'argument': conversion from 'DWORD' to 'WORD', possible loss of data
D:\Workshop\Metin2\TurkmmoSF\source\server\Server\game\src\safebox.cpp(77,31): warning C4244: '=': conversion from 'DWORD' to 'BYTE', possible loss of data
D:\Workshop\Metin2\TurkmmoSF\source\server\Server\game\src\safebox.cpp(115,13): warning C4244: '=': conversion from 'DWORD' to 'BYTE', possible loss of data
D:\Workshop\Metin2\TurkmmoSF\source\server\Server\game\src\safebox.cpp(203,27): warning C4244: '=': conversion from 'DWORD' to 'BYTE', possible loss of data
D:\Workshop\Metin2\TurkmmoSF\source\server\Server\game\src\safebox.cpp(205,61): warning C4242: '=': conversion from 'int' to 'BYTE', possible loss of data
  sectree.cpp
D:\Workshop\Metin2\TurkmmoSF\source\server\Server\game\src\packet.h(2315,37): warning C4244: '=': conversion from 'DWORD' to 'WORD', possible loss of data
  sectree_manager.cpp
D:\Workshop\Metin2\TurkmmoSF\source\server\Server\game\src\packet.h(2315,37): warning C4244: '=': conversion from 'DWORD' to 'WORD', possible loss of data
D:\Workshop\Metin2\TurkmmoSF\source\server\Server\common\stl.h(27,33): warning C4242: '=': conversion from 'int' to 'char', possible loss of data
D:\Workshop\Metin2\TurkmmoSF\source\server\Server\game\src\sectree_manager.cpp(193,8): warning C4996: 'stricmp': The POSIX name for this item is deprecated. Instead, use the ISO C and C++ conformant name: _stricmp. See online help for details.
D:\Workshop\Metin2\TurkmmoSF\source\server\Server\game\src\sectree_manager.cpp(197,13): warning C4996: 'stricmp': The POSIX name for this item is deprecated. Instead, use the ISO C and C++ conformant name: _stricmp. See online help for details.
D:\Workshop\Metin2\TurkmmoSF\source\server\Server\game\src\sectree_manager.cpp(201,13): warning C4996: 'stricmp': The POSIX name for this item is deprecated. Instead, use the ISO C and C++ conformant name: _stricmp. See online help for details.
D:\Workshop\Metin2\TurkmmoSF\source\server\Server\game\src\sectree_manager.cpp(670,14): warning C4805: '==': unsafe mix of type 'bool' and type 'int' in operation
D:\Workshop\Metin2\TurkmmoSF\source\server\Server\game\src\sectree_manager.cpp(720,15): warning C4805: '==': unsafe mix of type 'bool' and type 'int' in operation
D:\Workshop\Metin2\TurkmmoSF\source\server\Server\game\src\sectree_manager.cpp(882,12): warning C4244: '=': conversion from 'float' to 'int', possible loss of data
D:\Workshop\Metin2\TurkmmoSF\source\server\Server\game\src\sectree_manager.cpp(892,12): warning C4244: '=': conversion from 'float' to 'int', possible loss of data
D:\Workshop\Metin2\TurkmmoSF\source\server\Server\game\src\sectree_manager.cpp(1076,46): warning C4267: '=': conversion from 'size_t' to 'WORD', possible loss of data
D:\Workshop\Metin2\TurkmmoSF\source\server\Server\game\src\sectree_manager.cpp(1240,1): warning C4005: 'min': macro redefinition
C:\Program Files (x86)\Windows Kits\10\Include\10.0.18362.0\shared\minwindef.h(197): message : see previous definition of 'min'
D:\Workshop\Metin2\TurkmmoSF\source\server\Server\game\src\sectree_manager.cpp(1241,1): warning C4005: 'max': macro redefinition
C:\Program Files (x86)\Windows Kits\10\Include\10.0.18362.0\shared\minwindef.h(193): message : see previous definition of 'max'
  sequence.cpp
  shop.cpp
D:\Workshop\Metin2\TurkmmoSF\source\server\Server\game\src\packet.h(2315,37): warning C4244: '=': conversion from 'DWORD' to 'WORD', possible loss of data
D:\Workshop\Metin2\TurkmmoSF\source\server\Server\common\stl.h(27,33): warning C4242: '=': conversion from 'int' to 'char', possible loss of data
D:\Workshop\Metin2\TurkmmoSF\source\server\Server\libsql\AsyncSQL.h(11,10): fatal error C1083: Cannot open include file: 'mysql/mysql.h': No such file or directory
  shop_manager.cpp
D:\Workshop\Metin2\TurkmmoSF\source\server\Server\game\src\packet.h(2315,37): warning C4244: '=': conversion from 'DWORD' to 'WORD', possible loss of data
D:\Workshop\Metin2\TurkmmoSF\source\server\Server\common\stl.h(27,33): warning C4242: '=': conversion from 'int' to 'char', possible loss of data
D:\Workshop\Metin2\TurkmmoSF\source\server\Server\libsql\AsyncSQL.h(11,10): fatal error C1083: Cannot open include file: 'mysql/mysql.h': No such file or directory
  shopEx.cpp
D:\Workshop\Metin2\TurkmmoSF\source\server\Server\game\src\packet.h(2315,37): warning C4244: '=': conversion from 'DWORD' to 'WORD', possible loss of data
D:\Workshop\Metin2\TurkmmoSF\source\server\Server\common\stl.h(27,33): warning C4242: '=': conversion from 'int' to 'char', possible loss of data
D:\Workshop\Metin2\TurkmmoSF\source\server\Server\libsql\AsyncSQL.h(11,10): fatal error C1083: Cannot open include file: 'mysql/mysql.h': No such file or directory
  shutdown_manager.cpp
D:\Workshop\Metin2\TurkmmoSF\source\server\Server\game\src\packet.h(2315,37): warning C4244: '=': conversion from 'DWORD' to 'WORD', possible loss of data
  skill.cpp
D:\Workshop\Metin2\TurkmmoSF\source\server\Server\game\src\skill.cpp(88,8): warning C4996: 'stricmp': The POSIX name for this item is deprecated. Instead, use the ISO C and C++ conformant name: _stricmp. See online help for details.
D:\Workshop\Metin2\TurkmmoSF\source\server\Server\game\src\skill.cpp(344,8): warning C4996: 'stricmp': The POSIX name for this item is deprecated. Instead, use the ISO C and C++ conformant name: _stricmp. See online help for details.
  skill_power.cpp
  SpeedServer.cpp
D:\Workshop\Metin2\TurkmmoSF\source\server\Server\game\src\SpeedServer.cpp(161,3): warning C4996: 'stricmp': The POSIX name for this item is deprecated. Instead, use the ISO C and C++ conformant name: _stricmp. See online help for details.
D:\Workshop\Metin2\TurkmmoSF\source\server\Server\game\src\SpeedServer.cpp(165,8): warning C4996: 'stricmp': The POSIX name for this item is deprecated. Instead, use the ISO C and C++ conformant name: _stricmp. See online help for details.
D:\Workshop\Metin2\TurkmmoSF\source\server\Server\game\src\SpeedServer.cpp(169,8): warning C4996: 'stricmp': The POSIX name for this item is deprecated. Instead, use the ISO C and C++ conformant name: _stricmp. See online help for details.
D:\Workshop\Metin2\TurkmmoSF\source\server\Server\game\src\SpeedServer.cpp(173,7): warning C4996: 'stricmp': The POSIX name for this item is deprecated. Instead, use the ISO C and C++ conformant name: _stricmp. See online help for details.
D:\Workshop\Metin2\TurkmmoSF\source\server\Server\game\src\SpeedServer.cpp(177,7): warning C4996: 'stricmp': The POSIX name for this item is deprecated. Instead, use the ISO C and C++ conformant name: _stricmp. See online help for details.
D:\Workshop\Metin2\TurkmmoSF\source\server\Server\game\src\SpeedServer.cpp(181,8): warning C4996: 'stricmp': The POSIX name for this item is deprecated. Instead, use the ISO C and C++ conformant name: _stricmp. See online help for details.
D:\Workshop\Metin2\TurkmmoSF\source\server\Server\game\src\SpeedServer.cpp(185,8): warning C4996: 'stricmp': The POSIX name for this item is deprecated. Instead, use the ISO C and C++ conformant name: _stricmp. See online help for details.
D:\Workshop\Metin2\TurkmmoSF\source\server\Server\game\src\SpeedServer.cpp(189,8): warning C4996: 'stricmp': The POSIX name for this item is deprecated. Instead, use the ISO C and C++ conformant name: _stricmp. See online help for details.
  start_position.cpp
  target.cpp
D:\Workshop\Metin2\TurkmmoSF\source\server\Server\game\src\packet.h(2315,37): warning C4244: '=': conversion from 'DWORD' to 'WORD', possible loss of data
D:\Workshop\Metin2\TurkmmoSF\source\server\Server\game\src\target.cpp(24,25): warning C4242: '=': conversion from 'int' to 'BYTE', possible loss of data
  text_file_loader.cpp
D:\Workshop\Metin2\TurkmmoSF\source\server\Server\game\src\text_file_loader.cpp(368,15): warning C4244: '=': conversion from 'double' to 'float', possible loss of data
D:\Workshop\Metin2\TurkmmoSF\source\server\Server\game\src\text_file_loader.cpp(385,20): warning C4244: '=': conversion from 'double' to 'float', possible loss of data
D:\Workshop\Metin2\TurkmmoSF\source\server\Server\game\src\text_file_loader.cpp(386,20): warning C4244: '=': conversion from 'double' to 'float', possible loss of data
D:\Workshop\Metin2\TurkmmoSF\source\server\Server\game\src\text_file_loader.cpp(403,20): warning C4244: '=': conversion from 'double' to 'float', possible loss of data
D:\Workshop\Metin2\TurkmmoSF\source\server\Server\game\src\text_file_loader.cpp(404,20): warning C4244: '=': conversion from 'double' to 'float', possible loss of data
D:\Workshop\Metin2\TurkmmoSF\source\server\Server\game\src\text_file_loader.cpp(405,20): warning C4244: '=': conversion from 'double' to 'float', possible loss of data
D:\Workshop\Metin2\TurkmmoSF\source\server\Server\game\src\text_file_loader.cpp(422,20): warning C4244: '=': conversion from 'double' to 'float', possible loss of data
D:\Workshop\Metin2\TurkmmoSF\source\server\Server\game\src\text_file_loader.cpp(423,20): warning C4244: '=': conversion from 'double' to 'float', possible loss of data
D:\Workshop\Metin2\TurkmmoSF\source\server\Server\game\src\text_file_loader.cpp(424,20): warning C4244: '=': conversion from 'double' to 'float', possible loss of data
D:\Workshop\Metin2\TurkmmoSF\source\server\Server\game\src\text_file_loader.cpp(425,20): warning C4244: '=': conversion from 'double' to 'float', possible loss of data
D:\Workshop\Metin2\TurkmmoSF\source\server\Server\game\src\text_file_loader.cpp(447,14): warning C4244: '=': conversion from 'double' to 'float', possible loss of data
D:\Workshop\Metin2\TurkmmoSF\source\server\Server\game\src\text_file_loader.cpp(448,14): warning C4244: '=': conversion from 'double' to 'float', possible loss of data
D:\Workshop\Metin2\TurkmmoSF\source\server\Server\game\src\text_file_loader.cpp(449,14): warning C4244: '=': conversion from 'double' to 'float', possible loss of data
D:\Workshop\Metin2\TurkmmoSF\source\server\Server\game\src\text_file_loader.cpp(450,14): warning C4244: '=': conversion from 'double' to 'float', possible loss of data
D:\Workshop\Metin2\TurkmmoSF\source\server\Server\game\src\text_file_loader.cpp(466,19): warning C4244: '=': conversion from 'double' to 'float', possible loss of data
D:\Workshop\Metin2\TurkmmoSF\source\server\Server\game\src\text_file_loader.cpp(467,19): warning C4244: '=': conversion from 'double' to 'float', possible loss of data
D:\Workshop\Metin2\TurkmmoSF\source\server\Server\game\src\text_file_loader.cpp(468,19): warning C4244: '=': conversion from 'double' to 'float', possible loss of data
D:\Workshop\Metin2\TurkmmoSF\source\server\Server\game\src\text_file_loader.cpp(484,18): warning C4244: '=': conversion from 'double' to 'float', possible loss of data
D:\Workshop\Metin2\TurkmmoSF\source\server\Server\game\src\text_file_loader.cpp(485,18): warning C4244: '=': conversion from 'double' to 'float', possible loss of data
D:\Workshop\Metin2\TurkmmoSF\source\server\Server\game\src\text_file_loader.cpp(486,18): warning C4244: '=': conversion from 'double' to 'float', possible loss of data
D:\Workshop\Metin2\TurkmmoSF\source\server\Server\game\src\text_file_loader.cpp(487,18): warning C4244: '=': conversion from 'double' to 'float', possible loss of data
D:\Workshop\Metin2\TurkmmoSF\source\server\Server\game\src\text_file_loader.cpp(504,18): warning C4244: '=': conversion from 'double' to 'float', possible loss of data
D:\Workshop\Metin2\TurkmmoSF\source\server\Server\game\src\text_file_loader.cpp(505,18): warning C4244: '=': conversion from 'double' to 'float', possible loss of data
D:\Workshop\Metin2\TurkmmoSF\source\server\Server\game\src\text_file_loader.cpp(506,18): warning C4244: '=': conversion from 'double' to 'float', possible loss of data
D:\Workshop\Metin2\TurkmmoSF\source\server\Server\game\src\text_file_loader.cpp(507,18): warning C4244: '=': conversion from 'double' to 'float', possible loss of data
  threeway_war.cpp
D:\Workshop\Metin2\TurkmmoSF\source\server\Server\game\src\packet.h(2315,37): warning C4244: '=': conversion from 'DWORD' to 'WORD', possible loss of data
D:\Workshop\Metin2\TurkmmoSF\source\server\Server\libsql\AsyncSQL.h(11,10): fatal error C1083: Cannot open include file: 'mysql/mysql.h': No such file or directory
  TrafficProfiler.cpp
  Generating Code...
  Compiling...
  trigger.cpp
  utils.cpp
D:\Workshop\Metin2\TurkmmoSF\source\server\Server\game\src\utils.cpp(20,10): fatal error C1083: Cannot open include file: 'mysql/mysql.h': No such file or directory
  vector.cpp
D:\Workshop\Metin2\TurkmmoSF\source\server\Server\game\src\vector.cpp(13,70): warning C4244: 'argument': conversion from 'double' to 'float', possible loss of data
D:\Workshop\Metin2\TurkmmoSF\source\server\Server\game\src\vector.cpp(51,43): warning C4244: 'argument': conversion from 'long' to 'float', possible loss of data
D:\Workshop\Metin2\TurkmmoSF\source\server\Server\game\src\vector.cpp(51,34): warning C4244: 'argument': conversion from 'long' to 'float', possible loss of data
  version.cpp
  war_map.cpp
D:\Workshop\Metin2\TurkmmoSF\source\server\Server\game\src\packet.h(2315,37): warning C4244: '=': conversion from 'DWORD' to 'WORD', possible loss of data
D:\Workshop\Metin2\TurkmmoSF\source\server\Server\libsql\AsyncSQL.h(11,10): fatal error C1083: Cannot open include file: 'mysql/mysql.h': No such file or directory
  wedding.cpp
D:\Workshop\Metin2\TurkmmoSF\source\server\Server\game\src\packet.h(2315,37): warning C4244: '=': conversion from 'DWORD' to 'WORD', possible loss of data
D:\Workshop\Metin2\TurkmmoSF\source\server\Server\common\stl.h(27,33): warning C4242: '=': conversion from 'int' to 'char', possible loss of data
  xmas_event.cpp
D:\Workshop\Metin2\TurkmmoSF\source\server\Server\game\src\packet.h(2315,37): warning C4244: '=': conversion from 'DWORD' to 'WORD', possible loss of data
D:\Workshop\Metin2\TurkmmoSF\source\server\Server\common\stl.h(27,33): warning C4242: '=': conversion from 'int' to 'char', possible loss of data
  XTrapManager.cpp
D:\Workshop\Metin2\TurkmmoSF\source\server\Server\libsql\AsyncSQL.h(11,10): fatal error C1083: Cannot open include file: 'mysql/mysql.h': No such file or directory
  Generating Code...
