  StdAfx.cpp
  EffectData.cpp
  EffectElementBase.cpp
  EffectElementBaseInstance.cpp
  EffectInstance.cpp
  EffectManager.cpp
  EffectMesh.cpp
  EffectMeshInstance.cpp
  EffectUpdateDecorator.cpp
  EmitterProperty.cpp
  FrameController.cpp
  ParticleInstance.cpp
  ParticleProperty.cpp
  ParticleSystemData.cpp
  ParticleSystemInstance.cpp
  SimpleLightData.cpp
  SimpleLightInstance.cpp
  Type.cpp
  Kod Üretiliyor...
  EffectLib.vcxproj -> C:\Users\ensar\OneDrive\Masaüstü\TurkmmoSFÇalışma1\TurkmmoSF\TurkmmoSF\TurkmmoSF-source\client\Client\EffectLib\Release\EffectLib.lib
